#
# There is insufficient memory for the Java Runtime Environment to continue.
# Native memory allocation (malloc) failed to allocate 32744 bytes for ChunkPool::allocate
# Possible reasons:
#   The system is out of physical RAM or swap space
#   In 32 bit mode, the process size limit was hit
# Possible solutions:
#   Reduce memory load on the system
#   Increase physical memory or swap space
#   Check if swap backing store is full
#   Use 64 bit Java on a 64 bit OS
#   Decrease Java heap size (-Xmx/-Xms)
#   Decrease number of Java threads
#   Decrease Java thread stack sizes (-Xss)
#   Set larger code cache with -XX:ReservedCodeCacheSize=
# This output file may be truncated or incomplete.
#
#  Out of Memory Error (allocation.cpp:273), pid=5868, tid=10432
#
# JRE version: Java(TM) SE Runtime Environment (8.0_40-b25) (build 1.8.0_40-b25)
# Java VM: Java HotSpot(TM) 64-Bit Server VM (25.40-b25 mixed mode windows-amd64 compressed oops)
# Failed to write core dump. Minidumps are not enabled by default on client versions of Windows
#

---------------  T H R E A D  ---------------

Current thread (0x0000000020b99000):  JavaThread "C1 CompilerThread3" daemon [_thread_in_native, id=10432, stack(0x0000000021460000,0x0000000021560000)]

Stack: [0x0000000021460000,0x0000000021560000]
Native frames: (J=compiled Java code, j=interpreted, Vv=VM code, C=native code)
V  [jvm.dll+0x32b47a]
V  [jvm.dll+0x2797f3]
V  [jvm.dll+0x27a489]
V  [jvm.dll+0x2717a5]
V  [jvm.dll+0xcb7c4]
V  [jvm.dll+0xcb9e7]
V  [jvm.dll+0xcbe6c]
V  [jvm.dll+0x915b0]
V  [jvm.dll+0x405148]
V  [jvm.dll+0x406272]
V  [jvm.dll+0x4064c1]
V  [jvm.dll+0x4066cf]
V  [jvm.dll+0xa4312]
V  [jvm.dll+0xa4c4f]
V  [jvm.dll+0x241914]
V  [jvm.dll+0x29848a]
C  [msvcr100.dll+0x21d9f]
C  [msvcr100.dll+0x21e3b]
C  [KERNEL32.DLL+0x11fe4]
C  [ntdll.dll+0x6f061]


Current CompileTask:
C1:    170  113       1       java.lang.invoke.MemberName::getDeclaringClass (5 bytes)


---------------  P R O C E S S  ---------------

Java Threads: ( => current thread )
  0x0000000020c18000 JavaThread "Service Thread" daemon [_thread_blocked, id=6580, stack(0x0000000021560000,0x0000000021660000)]
=>0x0000000020b99000 JavaThread "C1 CompilerThread3" daemon [_thread_in_native, id=10432, stack(0x0000000021460000,0x0000000021560000)]
  0x0000000020b92000 JavaThread "C2 CompilerThread2" daemon [_thread_blocked, id=9748, stack(0x0000000021360000,0x0000000021460000)]
  0x0000000020b8e000 JavaThread "C2 CompilerThread1" daemon [_thread_blocked, id=6820, stack(0x0000000021260000,0x0000000021360000)]
  0x0000000020b88800 JavaThread "C2 CompilerThread0" daemon [_thread_blocked, id=8300, stack(0x0000000021160000,0x0000000021260000)]
  0x0000000020b85000 JavaThread "Attach Listener" daemon [_thread_blocked, id=11596, stack(0x0000000021060000,0x0000000021160000)]
  0x0000000020b84000 JavaThread "Signal Dispatcher" daemon [_thread_blocked, id=5396, stack(0x0000000020f60000,0x0000000021060000)]
  0x0000000005109800 JavaThread "Finalizer" daemon [_thread_blocked, id=10608, stack(0x0000000020960000,0x0000000020a60000)]
  0x0000000005102000 JavaThread "Reference Handler" daemon [_thread_blocked, id=16612, stack(0x0000000020860000,0x0000000020960000)]
  0x0000000004ead800 JavaThread "main" [_thread_in_vm, id=6464, stack(0x0000000004f10000,0x0000000005010000)]

Other Threads:
  0x000000001ea99800 VMThread [stack: 0x0000000020760000,0x0000000020860000] [id=11340]
  0x0000000020c22000 WatcherThread [stack: 0x0000000021660000,0x0000000021760000] [id=17400]

VM state:not at safepoint (normal execution)

VM Mutex/Monitor currently owned by a thread: None

Heap:
 PSYoungGen      total 75776K, used 5202K [0x000000076b900000, 0x0000000770d80000, 0x00000007c0000000)
  eden space 65024K, 8% used [0x000000076b900000,0x000000076be148c0,0x000000076f880000)
  from space 10752K, 0% used [0x0000000770300000,0x0000000770300000,0x0000000770d80000)
  to   space 10752K, 0% used [0x000000076f880000,0x000000076f880000,0x0000000770300000)
 ParOldGen       total 173568K, used 0K [0x00000006c2a00000, 0x00000006cd380000, 0x000000076b900000)
  object space 173568K, 0% used [0x00000006c2a00000,0x00000006c2a00000,0x00000006cd380000)
 Metaspace       used 5002K, capacity 5092K, committed 5248K, reserved 1056768K
  class space    used 576K, capacity 635K, committed 640K, reserved 1048576K

Card table byte_map: [0x00000000144d0000,0x0000000014cc0000] byte_map_base: 0x0000000010ebb000

Marking Bits: (ParMarkBitMap*) 0x00000000606a4040
 Begin Bits: [0x0000000015a10000, 0x0000000019968000)
 End Bits:   [0x0000000019968000, 0x000000001d8c0000)

Polling page: 0x0000000000dd0000

CodeCache: size=245760Kb used=1299Kb max_used=1310Kb free=244461Kb
 bounds [0x0000000005110000, 0x0000000005380000, 0x0000000014110000]
 total_blobs=438 nmethods=112 adapters=239
 compilation: enabled

Compilation events (10 events):
Event: 0.144 Thread 0x0000000020b99000  107       3       java.lang.String::substring (79 bytes)
Event: 0.144 Thread 0x0000000020b99000 nmethod 107 0x0000000005253790 code [0x0000000005253940, 0x0000000005253df8]
Event: 0.145 Thread 0x0000000020b99000  109   !   3       java.lang.ref.ReferenceQueue::poll (28 bytes)
Event: 0.145 Thread 0x0000000020b99000 nmethod 109 0x0000000005254010 code [0x0000000005254180, 0x0000000005254508]
Event: 0.145 Thread 0x0000000020b99000  111       3       java.util.concurrent.ConcurrentHashMap::spread (10 bytes)
Event: 0.145 Thread 0x0000000020b99000 nmethod 111 0x0000000005254610 code [0x0000000005254760, 0x00000000052548b0]
Event: 0.145 Thread 0x0000000020b99000  110       1       java.util.ArrayList::access$100 (5 bytes)
Event: 0.145 Thread 0x0000000020b92000  112       4       java.lang.String::indexOf (70 bytes)
Event: 0.145 Thread 0x0000000020b99000 nmethod 110 0x0000000005254910 code [0x0000000005254a60, 0x0000000005254b50]
Event: 0.146 Thread 0x0000000020b99000  113       1       java.lang.invoke.MemberName::getDeclaringClass (5 bytes)

GC Heap History (0 events):
No events

Deoptimization events (0 events):
No events

Internal exceptions (8 events):
Event: 0.040 Thread 0x0000000004ead800 Exception <a 'java/lang/NoSuchMethodError': Method sun.misc.Unsafe.defineClass(Ljava/lang/String;[BII)Ljava/lang/Class; name or signature does not match> (0x000000076b90db30) thrown at [D:\re\workspace\8-2-build-windows-amd64-cygwin\jdk8u40\2855\hotspot\srRÌÿÓ§¤?
Event: 0.040 Thread 0x0000000004ead800 Exception <a 'java/lang/NoSuchMethodError': Method sun.misc.Unsafe.prefetchRead(Ljava/lang/Object;J)V name or signature does not match> (0x000000076b90ddc0) thrown at [D:\re\workspace\8-2-build-windows-amd64-cygwin\jdk8u40\2855\hotspot\src\share\vm\prims\jŸ ì9kñ¹?
Event: 0.101 Thread 0x0000000004ead800 Exception <a 'java/security/PrivilegedActionException'> (0x000000076b9c8030) thrown at [D:\re\workspace\8-2-build-windows-amd64-cygwin\jdk8u40\2855\hotspot\src\share\vm\prims\jvm.cpp, line 1382]
Event: 0.101 Thread 0x0000000004ead800 Exception <a 'java/security/PrivilegedActionException'> (0x000000076b9c81e8) thrown at [D:\re\workspace\8-2-build-windows-amd64-cygwin\jdk8u40\2855\hotspot\src\share\vm\prims\jvm.cpp, line 1382]
Event: 0.102 Thread 0x0000000004ead800 Exception <a 'java/security/PrivilegedActionException'> (0x000000076b9cbce0) thrown at [D:\re\workspace\8-2-build-windows-amd64-cygwin\jdk8u40\2855\hotspot\src\share\vm\prims\jvm.cpp, line 1382]
Event: 0.102 Thread 0x0000000004ead800 Exception <a 'java/security/PrivilegedActionException'> (0x000000076b9cbe98) thrown at [D:\re\workspace\8-2-build-windows-amd64-cygwin\jdk8u40\2855\hotspot\src\share\vm\prims\jvm.cpp, line 1382]
Event: 0.108 Thread 0x0000000004ead800 Exception <a 'java/io/FileNotFoundException'> (0x000000076b9dbd28) thrown at [D:\re\workspace\8-2-build-windows-amd64-cygwin\jdk8u40\2855\hotspot\src\share\vm\prims\jni.cpp, line 709]
Event: 0.126 Thread 0x0000000004ead800 Exception <a 'java/io/FileNotFoundException'> (0x000000076b9fbb08) thrown at [D:\re\workspace\8-2-build-windows-amd64-cygwin\jdk8u40\2855\hotspot\src\share\vm\prims\jni.cpp, line 709]

Events (10 events):
Event: 0.143 loading class java/util/RandomAccessSubList
Event: 0.143 loading class java/util/SubList
Event: 0.143 loading class java/util/SubList done
Event: 0.143 loading class java/util/RandomAccessSubList done
Event: 0.143 loading class java/util/SubList$1
Event: 0.143 loading class java/util/ListIterator
Event: 0.143 loading class java/util/ListIterator done
Event: 0.143 loading class java/util/SubList$1 done
Event: 0.143 loading class java/util/AbstractList$ListItr
Event: 0.143 loading class java/util/AbstractList$ListItr done


Dynamic libraries:
0x00007ff781960000 - 0x00007ff781997000 	C:\Program Files\Java\jre1.8.0_40\bin\javaw.exe
0x00007ffe49570000 - 0x00007ffe49750000 	C:\WINDOWS\SYSTEM32\ntdll.dll
0x00007ffe48b90000 - 0x00007ffe48c3e000 	C:\WINDOWS\System32\KERNEL32.DLL
0x00007ffe45bf0000 - 0x00007ffe45e56000 	C:\WINDOWS\System32\KERNELBASE.dll
0x00007ffe48ae0000 - 0x00007ffe48b81000 	C:\WINDOWS\System32\ADVAPI32.dll
0x00007ffe46be0000 - 0x00007ffe46c7d000 	C:\WINDOWS\System32\msvcrt.dll
0x00007ffe48fd0000 - 0x00007ffe4902b000 	C:\WINDOWS\System32\sechost.dll
0x00007ffe485e0000 - 0x00007ffe486ff000 	C:\WINDOWS\System32\RPCRT4.dll
0x00007ffe48870000 - 0x00007ffe489ff000 	C:\WINDOWS\System32\USER32.dll
0x00007ffe45e60000 - 0x00007ffe45e80000 	C:\WINDOWS\System32\win32u.dll
0x00007ffe46a60000 - 0x00007ffe46a88000 	C:\WINDOWS\System32\GDI32.dll
0x00007ffe46150000 - 0x00007ffe462e3000 	C:\WINDOWS\System32\gdi32full.dll
0x00007ffe45f30000 - 0x00007ffe45fcb000 	C:\WINDOWS\System32\msvcp_win.dll
0x00007ffe46050000 - 0x00007ffe46146000 	C:\WINDOWS\System32\ucrtbase.dll
0x00007ffe3c930000 - 0x00007ffe3cb99000 	C:\WINDOWS\WinSxS\amd64_microsoft.windows.common-controls_6595b64144ccf1df_6.0.16299.371_none_15c7d1789365a290\COMCTL32.dll
0x00007ffe48c50000 - 0x00007ffe48f58000 	C:\WINDOWS\System32\combase.dll
0x00007ffe45fd0000 - 0x00007ffe46042000 	C:\WINDOWS\System32\bcryptPrimitives.dll
0x00007ffe48500000 - 0x00007ffe4852d000 	C:\WINDOWS\System32\IMM32.DLL
0x0000000060730000 - 0x0000000060802000 	C:\Program Files\Java\jre1.8.0_40\bin\msvcr100.dll
0x000000005fea0000 - 0x0000000060723000 	C:\Program Files\Java\jre1.8.0_40\bin\server\jvm.dll
0x00007ffe48c40000 - 0x00007ffe48c48000 	C:\WINDOWS\System32\PSAPI.DLL
0x00007ffe33560000 - 0x00007ffe33569000 	C:\WINDOWS\SYSTEM32\WSOCK32.dll
0x00007ffe41d70000 - 0x00007ffe41d93000 	C:\WINDOWS\SYSTEM32\WINMM.dll
0x00007ffe401a0000 - 0x00007ffe401aa000 	C:\WINDOWS\SYSTEM32\VERSION.dll
0x00007ffe48f60000 - 0x00007ffe48fcc000 	C:\WINDOWS\System32\WS2_32.dll
0x00007ffe41d40000 - 0x00007ffe41d6a000 	C:\WINDOWS\SYSTEM32\winmmbase.dll
0x00007ffe45ee0000 - 0x00007ffe45f2a000 	C:\WINDOWS\System32\cfgmgr32.dll
0x000000005fe90000 - 0x000000005fe9f000 	C:\Program Files\Java\jre1.8.0_40\bin\verify.dll
0x000000005fe60000 - 0x000000005fe89000 	C:\Program Files\Java\jre1.8.0_40\bin\java.dll
0x000000005fe40000 - 0x000000005fe56000 	C:\Program Files\Java\jre1.8.0_40\bin\zip.dll
0x00007ffe46e40000 - 0x00007ffe48276000 	C:\WINDOWS\System32\SHELL32.dll
0x00007ffe46d90000 - 0x00007ffe46e36000 	C:\WINDOWS\System32\shcore.dll
0x00007ffe462f0000 - 0x00007ffe46a37000 	C:\WINDOWS\System32\windows.storage.dll
0x00007ffe49030000 - 0x00007ffe49081000 	C:\WINDOWS\System32\shlwapi.dll
0x00007ffe45950000 - 0x00007ffe45961000 	C:\WINDOWS\System32\kernel.appcore.dll
0x00007ffe45900000 - 0x00007ffe4594c000 	C:\WINDOWS\System32\powrprof.dll
0x00007ffe458e0000 - 0x00007ffe458fb000 	C:\WINDOWS\System32\profapi.dll
0x000000005fc30000 - 0x000000005fdc8000 	C:\Program Files\Java\jre1.8.0_40\bin\awt.dll
0x00007ffe48a00000 - 0x00007ffe48ac5000 	C:\WINDOWS\System32\OLEAUT32.dll
0x00007ffe43990000 - 0x00007ffe43a18000 	C:\WINDOWS\SYSTEM32\apphelp.dll
0x00007ffe43d80000 - 0x00007ffe43daa000 	C:\WINDOWS\system32\DWMAPI.DLL
0x00007ffe43ac0000 - 0x00007ffe43b55000 	C:\WINDOWS\system32\uxtheme.dll
0x00007ffe442a0000 - 0x00007ffe44468000 	C:\WINDOWS\SYSTEM32\dbghelp.dll

VM Arguments:
jvm_args: -Dfile.encoding=Cp1252 
java_command: colorstop.top
java_class_path (initial): C:\Program Files\Java\jre1.8.0_40\lib\resources.jar;C:\Program Files\Java\jre1.8.0_40\lib\rt.jar;C:\Program Files\Java\jre1.8.0_40\lib\jsse.jar;C:\Program Files\Java\jre1.8.0_40\lib\jce.jar;C:\Program Files\Java\jre1.8.0_40\lib\charsets.jar;C:\Program Files\Java\jre1.8.0_40\lib\jfr.jar;C:\Program Files\Java\jre1.8.0_40\lib\ext\access-bridge-64.jar;C:\Program Files\Java\jre1.8.0_40\lib\ext\cldrdata.jar;C:\Program Files\Java\jre1.8.0_40\lib\ext\dnsns.jar;C:\Program Files\Java\jre1.8.0_40\lib\ext\dns_sd.jar;C:\Program Files\Java\jre1.8.0_40\lib\ext\jaccess.jar;C:\Program Files\Java\jre1.8.0_40\lib\ext\jfxrt.jar;C:\Program Files\Java\jre1.8.0_40\lib\ext\localedata.jar;C:\Program Files\Java\jre1.8.0_40\lib\ext\nashorn.jar;C:\Program Files\Java\jre1.8.0_40\lib\ext\sunec.jar;C:\Program Files\Java\jre1.8.0_40\lib\ext\sunjce_provider.jar;C:\Program Files\Java\jre1.8.0_40\lib\ext\sunmscapi.jar;C:\Program Files\Java\jre1.8.0_40\lib\ext\sunpkcs11.jar;C:\Program Files\Java\jre1.8.0_40\lib\ext\zipfs.jar;C:\Users\Mohit Kumar\eclipse-workspace\colorstop\bin;C:\Users\Mohit Kumar\Desktop\64 bit\mysql-connector-java-5.1.10-bin.jar
Launcher Type: SUN_STANDARD

Environment Variables:
PATH=C:\ProgramData\Oracle\Java\javapath;C:\Windows\system32;C:\Windows;C:\Windows\System32\Wbem;C:\Windows\System32\WindowsPowerShell\v1.0\;C:\Program Files (x86)\Common Files\lenovo\easyplussdk\bin;C:\Program Files (x86)\NVIDIA Corporation\PhysX\Common;C:\WINDOWS\system32;C:\WINDOWS;C:\WINDOWS\System32\Wbem;C:\WINDOWS\System32\WindowsPowerShell\v1.0\;C:\Users\Mohit Kumar\AppData\Local\Programs\Python\Python36-32;C:\Users\Mohit Kumar\AppData\Local\Programs\Python\Python36-32\Scripts;C:\Program Files\IBM\Bluemix\bin;C:\Users\Mohit Kumar\AppData\Local\Microsoft\WindowsApps;C:\Program Files\Java\jdk1.8.0_40\bin;C:\Program Files\Java\jre1.8.0_40\bin;
USERNAME=Mohit Kumar
OS=Windows_NT
PROCESSOR_IDENTIFIER=Intel64 Family 6 Model 94 Stepping 3, GenuineIntel



---------------  S Y S T E M  ---------------

OS: Windows 10.0 , 64 bit Build 16299 (10.0.16299.15)

CPU:total 8 (4 cores per cpu, 2 threads per core) family 6 model 94 stepping 3, cmov, cx8, fxsr, mmx, sse, sse2, sse3, ssse3, sse4.1, sse4.2, popcnt, avx, avx2, aes, clmul, erms, rtm, 3dnowpref, lzcnt, ht, tsc, tscinvbit, bmi1, bmi2, adx

Memory: 4k page, physical 16600864k(11178624k free), swap 22484688k(1896k free)

vm_info: Java HotSpot(TM) 64-Bit Server VM (25.40-b25) for windows-amd64 JRE (1.8.0_40-b25), built on Feb 10 2015 21:53:57 by "java_re" with MS VC++ 10.0 (VS2010)

time: Wed Jun 13 23:47:57 2018
elapsed time: 0 seconds (0d 0h 0m 0s)

